d:\vs c++\第四周鼠标与键盘 实验课 3个题1个例子\第四周实验课 实验题1求移动像素次数\debug\第四周实验课 实验题1求移动像素次数.pch
d:\vs c++\第四周鼠标与键盘 实验课 3个题1个例子\第四周实验课 实验题1求移动像素次数\debug\vc140.pdb
d:\vs c++\第四周鼠标与键盘 实验课 3个题1个例子\第四周实验课 实验题1求移动像素次数\debug\vc140.idb
d:\vs c++\第四周鼠标与键盘 实验课 3个题1个例子\第四周实验课 实验题1求移动像素次数\debug\stdafx.obj
d:\vs c++\第四周鼠标与键盘 实验课 3个题1个例子\第四周实验课 实验题1求移动像素次数\debug\mainfrm.obj
d:\vs c++\第四周鼠标与键盘 实验课 3个题1个例子\第四周实验课 实验题1求移动像素次数\debug\第四周实验课 实验题1求移动像素次数.obj
d:\vs c++\第四周鼠标与键盘 实验课 3个题1个例子\第四周实验课 实验题1求移动像素次数\debug\第四周实验课 实验题1求移动像素次数doc.obj
d:\vs c++\第四周鼠标与键盘 实验课 3个题1个例子\第四周实验课 实验题1求移动像素次数\debug\第四周实验课 实验题1求移动像素次数view.obj
d:\vs c++\第四周鼠标与键盘 实验课 3个题1个例子\debug\第四周实验课 实验题1求移动像素次数.ilk
d:\vs c++\第四周鼠标与键盘 实验课 3个题1个例子\debug\第四周实验课 实验题1求移动像素次数.exe
d:\vs c++\第四周鼠标与键盘 实验课 3个题1个例子\debug\第四周实验课 实验题1求移动像素次数.pdb
d:\vs c++\第四周鼠标与键盘 实验课 3个题1个例子\第四周实验课 实验题1求移动像素次数\debug\第四周实验课 实验题1求移动像素次数.res
d:\vs c++\第四周鼠标与键盘 实验课 3个题1个例子\第四周实验课 实验题1求移动像素次数\debug\第四周实验课 实.f89798c5.tlog\cl.command.1.tlog
d:\vs c++\第四周鼠标与键盘 实验课 3个题1个例子\第四周实验课 实验题1求移动像素次数\debug\第四周实验课 实.f89798c5.tlog\cl.read.1.tlog
d:\vs c++\第四周鼠标与键盘 实验课 3个题1个例子\第四周实验课 实验题1求移动像素次数\debug\第四周实验课 实.f89798c5.tlog\cl.write.1.tlog
d:\vs c++\第四周鼠标与键盘 实验课 3个题1个例子\第四周实验课 实验题1求移动像素次数\debug\第四周实验课 实.f89798c5.tlog\link.command.1.tlog
d:\vs c++\第四周鼠标与键盘 实验课 3个题1个例子\第四周实验课 实验题1求移动像素次数\debug\第四周实验课 实.f89798c5.tlog\link.read.1.tlog
d:\vs c++\第四周鼠标与键盘 实验课 3个题1个例子\第四周实验课 实验题1求移动像素次数\debug\第四周实验课 实.f89798c5.tlog\link.write.1.tlog
d:\vs c++\第四周鼠标与键盘 实验课 3个题1个例子\第四周实验课 实验题1求移动像素次数\debug\第四周实验课 实.f89798c5.tlog\rc.command.1.tlog
d:\vs c++\第四周鼠标与键盘 实验课 3个题1个例子\第四周实验课 实验题1求移动像素次数\debug\第四周实验课 实.f89798c5.tlog\rc.read.1.tlog
d:\vs c++\第四周鼠标与键盘 实验课 3个题1个例子\第四周实验课 实验题1求移动像素次数\debug\第四周实验课 实.f89798c5.tlog\rc.write.1.tlog
